# JRE version: Java(TM) SE Runtime Environment (17.0.10+11) (build 17.0.10+11-LTS-240)
# Java VM: Java HotSpot(TM) 64-Bit Server VM (17.0.10+11-LTS-240, mixed mode, sharing, tiered, compressed oops, compressed class ptrs, g1 gc, windows-amd64)
GC Precious Log:
 CPUs: 4 total, 4 available
 Memory: 8035M
 Large Page Support: Disabled
 NUMA Support: Disabled
 Compressed Oops: Enabled (32-bit)
 Heap Region Size: 1M
 Heap Min Capacity: 8M
 Heap Initial Capacity: 126M
 Heap Max Capacity: 2010M
 Pre-touch: Disabled
 Parallel Workers: 4
 Concurrent Workers: 1
 Concurrent Refinement Workers: 4
 Periodic GC: Disabled
Heap:
 garbage-first heap   total 67584K, used 50399K [0x0000000082600000, 0x0000000100000000)
  region size 1024K, 14 young (14336K), 2 survivors (2048K)
 Metaspace       used 79876K, committed 80512K, reserved 1179648K
  class space    used 10680K, committed 11008K, reserved 1048576K
GC Heap History (20 events):
Event: 80.953 GC heap before
{Heap before GC invocations=32 (full 0):
 garbage-first heap   total 67584K, used 55756K [0x0000000082600000, 0x0000000100000000)
  region size 1024K, 18 young (18432K), 1 survivors (1024K)
 Metaspace       used 78586K, committed 79232K, reserved 1179648K
  class space    used 10581K, committed 10880K, reserved 1048576K
}
Event: 80.954 GC heap after
{Heap after GC invocations=33 (full 0):
 garbage-first heap   total 67584K, used 38120K [0x0000000082600000, 0x0000000100000000)
  region size 1024K, 1 young (1024K), 1 survivors (1024K)
 Metaspace       used 78586K, committed 79232K, reserved 1179648K
  class space    used 10581K, committed 10880K, reserved 1048576K
}
Event: 102.932 GC heap before
{Heap before GC invocations=33 (full 0):
 garbage-first heap   total 67584K, used 55528K [0x0000000082600000, 0x0000000100000000)
  region size 1024K, 18 young (18432K), 1 survivors (1024K)
 Metaspace       used 78593K, committed 79232K, reserved 1179648K
  class space    used 10581K, committed 10880K, reserved 1048576K
}
Event: 102.934 GC heap after
{Heap after GC invocations=34 (full 0):
 garbage-first heap   total 67584K, used 38132K [0x0000000082600000, 0x0000000100000000)
  region size 1024K, 1 young (1024K), 1 survivors (1024K)
 Metaspace       used 78593K, committed 79232K, reserved 1179648K
  class space    used 10581K, committed 10880K, reserved 1048576K
}
Event: 115.507 GC heap before
{Heap before GC invocations=34 (full 0):
 garbage-first heap   total 67584K, used 55540K [0x0000000082600000, 0x0000000100000000)
  region size 1024K, 19 young (19456K), 1 survivors (1024K)
 Metaspace       used 79218K, committed 79872K, reserved 1179648K
  class space    used 10630K, committed 10944K, reserved 1048576K
}
Event: 115.509 GC heap after
{Heap after GC invocations=35 (full 0):
 garbage-first heap   total 67584K, used 38866K [0x0000000082600000, 0x0000000100000000)
  region size 1024K, 1 young (1024K), 1 survivors (1024K)
 Metaspace       used 79218K, committed 79872K, reserved 1179648K
  class space    used 10630K, committed 10944K, reserved 1048576K
}
Event: 138.284 GC heap before
{Heap before GC invocations=35 (full 0):
 garbage-first heap   total 67584K, used 56274K [0x0000000082600000, 0x0000000100000000)
  region size 1024K, 19 young (19456K), 1 survivors (1024K)
 Metaspace       used 79580K, committed 80256K, reserved 1179648K
  class space    used 10670K, committed 11008K, reserved 1048576K
}
Event: 138.286 GC heap after
{Heap after GC invocations=36 (full 0):
 garbage-first heap   total 67584K, used 38710K [0x0000000082600000, 0x0000000100000000)
  region size 1024K, 1 young (1024K), 1 survivors (1024K)
 Metaspace       used 79580K, committed 80256K, reserved 1179648K
  class space    used 10670K, committed 11008K, reserved 1048576K
}
Event: 161.783 GC heap before
{Heap before GC invocations=36 (full 0):
 garbage-first heap   total 67584K, used 57142K [0x0000000082600000, 0x0000000100000000)
  region size 1024K, 19 young (19456K), 1 survivors (1024K)
 Metaspace       used 79581K, committed 80256K, reserved 1179648K
  class space    used 10670K, committed 11008K, reserved 1048576K
}
Event: 161.785 GC heap after
{Heap after GC invocations=37 (full 0):
 garbage-first heap   total 67584K, used 38811K [0x0000000082600000, 0x0000000100000000)
  region size 1024K, 1 young (1024K), 1 survivors (1024K)
 Metaspace       used 79581K, committed 80256K, reserved 1179648K
  class space    used 10670K, committed 11008K, reserved 1048576K
}
Event: 186.460 GC heap before
{Heap before GC invocations=37 (full 0):
 garbage-first heap   total 67584K, used 58267K [0x0000000082600000, 0x0000000100000000)
  region size 1024K, 20 young (20480K), 1 survivors (1024K)
 Metaspace       used 79597K, committed 80256K, reserved 1179648K
  class space    used 10670K, committed 11008K, reserved 1048576K
}
Event: 186.465 GC heap after
{Heap after GC invocations=38 (full 0):
 garbage-first heap   total 67584K, used 38866K [0x0000000082600000, 0x0000000100000000)
  region size 1024K, 1 young (1024K), 1 survivors (1024K)
 Metaspace       used 79597K, committed 80256K, reserved 1179648K
  class space    used 10670K, committed 11008K, reserved 1048576K
}
Event: 212.253 GC heap before
{Heap before GC invocations=38 (full 0):
 garbage-first heap   total 67584K, used 58322K [0x0000000082600000, 0x0000000100000000)
  region size 1024K, 20 young (20480K), 1 survivors (1024K)
 Metaspace       used 79608K, committed 80256K, reserved 1179648K
  class space    used 10670K, committed 11008K, reserved 1048576K
}
Event: 212.254 GC heap after
{Heap after GC invocations=39 (full 0):
 garbage-first heap   total 67584K, used 38747K [0x0000000082600000, 0x0000000100000000)
  region size 1024K, 1 young (1024K), 1 survivors (1024K)
 Metaspace       used 79608K, committed 80256K, reserved 1179648K
  class space    used 10670K, committed 11008K, reserved 1048576K
}
Event: 237.552 GC heap before
{Heap before GC invocations=39 (full 0):
 garbage-first heap   total 67584K, used 58203K [0x0000000082600000, 0x0000000100000000)
  region size 1024K, 20 young (20480K), 1 survivors (1024K)
 Metaspace       used 79618K, committed 80256K, reserved 1179648K
  class space    used 10670K, committed 11008K, reserved 1048576K
}
Event: 237.554 GC heap after
{Heap after GC invocations=40 (full 0):
 garbage-first heap   total 67584K, used 38906K [0x0000000082600000, 0x0000000100000000)
  region size 1024K, 2 young (2048K), 2 survivors (2048K)
 Metaspace       used 79618K, committed 80256K, reserved 1179648K
  class space    used 10670K, committed 11008K, reserved 1048576K
}
Event: 261.157 GC heap before
{Heap before GC invocations=40 (full 0):
 garbage-first heap   total 67584K, used 57338K [0x0000000082600000, 0x0000000100000000)
  region size 1024K, 20 young (20480K), 2 survivors (2048K)
 Metaspace       used 79620K, committed 80256K, reserved 1179648K
  class space    used 10670K, committed 11008K, reserved 1048576K
}
Event: 261.159 GC heap after
{Heap after GC invocations=41 (full 0):
 garbage-first heap   total 67584K, used 38910K [0x0000000082600000, 0x0000000100000000)
  region size 1024K, 2 young (2048K), 2 survivors (2048K)
 Metaspace       used 79620K, committed 80256K, reserved 1179648K
  class space    used 10670K, committed 11008K, reserved 1048576K
}
Event: 284.011 GC heap before
{Heap before GC invocations=41 (full 0):
 garbage-first heap   total 67584K, used 57342K [0x0000000082600000, 0x0000000100000000)
  region size 1024K, 20 young (20480K), 2 survivors (2048K)
 Metaspace       used 79635K, committed 80256K, reserved 1179648K
  class space    used 10673K, committed 11008K, reserved 1048576K
}
Event: 284.013 GC heap after
{Heap after GC invocations=42 (full 0):
 garbage-first heap   total 67584K, used 39135K [0x0000000082600000, 0x0000000100000000)
  region size 1024K, 2 young (2048K), 2 survivors (2048K)
 Metaspace       used 79635K, committed 80256K, reserved 1179648K
  class space    used 10673K, committed 11008K, reserved 1048576K
}

