# JRE version: Java(TM) SE Runtime Environment (17.0.10+11) (build 17.0.10+11-LTS-240)
# Java VM: Java HotSpot(TM) 64-Bit Server VM (17.0.10+11-LTS-240, mixed mode, sharing, tiered, compressed oops, compressed class ptrs, g1 gc, windows-amd64)
GC Precious Log:
 CPUs: 4 total, 4 available
 Memory: 8035M
 Large Page Support: Disabled
 NUMA Support: Disabled
 Compressed Oops: Enabled (32-bit)
 Heap Region Size: 1M
 Heap Min Capacity: 8M
 Heap Initial Capacity: 126M
 Heap Max Capacity: 2010M
 Pre-touch: Disabled
 Parallel Workers: 4
 Concurrent Workers: 1
 Concurrent Refinement Workers: 4
 Periodic GC: Disabled
Heap:
 garbage-first heap   total 78848K, used 39548K [0x0000000082600000, 0x0000000100000000)
  region size 1024K, 5 young (5120K), 1 survivors (1024K)
 Metaspace       used 80262K, committed 80896K, reserved 1179648K
  class space    used 10618K, committed 10944K, reserved 1048576K
GC Heap History (20 events):
Event: 1065.271 GC heap before
{Heap before GC invocations=71 (full 0):
 garbage-first heap   total 78848K, used 68001K [0x0000000082600000, 0x0000000100000000)
  region size 1024K, 31 young (31744K), 1 survivors (1024K)
 Metaspace       used 79222K, committed 79872K, reserved 1179648K
  class space    used 10611K, committed 10880K, reserved 1048576K
}
Event: 1065.273 GC heap after
{Heap after GC invocations=72 (full 0):
 garbage-first heap   total 78848K, used 37586K [0x0000000082600000, 0x0000000100000000)
  region size 1024K, 1 young (1024K), 1 survivors (1024K)
 Metaspace       used 79222K, committed 79872K, reserved 1179648K
  class space    used 10611K, committed 10880K, reserved 1048576K
}
Event: 1093.838 GC heap before
{Heap before GC invocations=73 (full 0):
 garbage-first heap   total 78848K, used 67282K [0x0000000082600000, 0x0000000100000000)
  region size 1024K, 30 young (30720K), 1 survivors (1024K)
 Metaspace       used 79508K, committed 80192K, reserved 1179648K
  class space    used 10616K, committed 10944K, reserved 1048576K
}
Event: 1093.840 GC heap after
{Heap after GC invocations=74 (full 0):
 garbage-first heap   total 78848K, used 37630K [0x0000000082600000, 0x0000000100000000)
  region size 1024K, 1 young (1024K), 1 survivors (1024K)
 Metaspace       used 79508K, committed 80192K, reserved 1179648K
  class space    used 10616K, committed 10944K, reserved 1048576K
}
Event: 1132.846 GC heap before
{Heap before GC invocations=74 (full 0):
 garbage-first heap   total 78848K, used 67326K [0x0000000082600000, 0x0000000100000000)
  region size 1024K, 30 young (30720K), 1 survivors (1024K)
 Metaspace       used 79510K, committed 80192K, reserved 1179648K
  class space    used 10616K, committed 10944K, reserved 1048576K
}
Event: 1132.847 GC heap after
{Heap after GC invocations=75 (full 0):
 garbage-first heap   total 78848K, used 37555K [0x0000000082600000, 0x0000000100000000)
  region size 1024K, 1 young (1024K), 1 survivors (1024K)
 Metaspace       used 79510K, committed 80192K, reserved 1179648K
  class space    used 10616K, committed 10944K, reserved 1048576K
}
Event: 1161.371 GC heap before
{Heap before GC invocations=76 (full 0):
 garbage-first heap   total 78848K, used 66227K [0x0000000082600000, 0x0000000100000000)
  region size 1024K, 30 young (30720K), 1 survivors (1024K)
 Metaspace       used 79548K, committed 80192K, reserved 1179648K
  class space    used 10616K, committed 10944K, reserved 1048576K
}
Event: 1161.374 GC heap after
{Heap after GC invocations=77 (full 0):
 garbage-first heap   total 78848K, used 37791K [0x0000000082600000, 0x0000000100000000)
  region size 1024K, 1 young (1024K), 1 survivors (1024K)
 Metaspace       used 79548K, committed 80192K, reserved 1179648K
  class space    used 10616K, committed 10944K, reserved 1048576K
}
Event: 1190.289 GC heap before
{Heap before GC invocations=77 (full 0):
 garbage-first heap   total 78848K, used 67487K [0x0000000082600000, 0x0000000100000000)
  region size 1024K, 30 young (30720K), 1 survivors (1024K)
 Metaspace       used 79676K, committed 80320K, reserved 1179648K
  class space    used 10616K, committed 10944K, reserved 1048576K
}
Event: 1190.291 GC heap after
{Heap after GC invocations=78 (full 0):
 garbage-first heap   total 78848K, used 37668K [0x0000000082600000, 0x0000000100000000)
  region size 1024K, 1 young (1024K), 1 survivors (1024K)
 Metaspace       used 79676K, committed 80320K, reserved 1179648K
  class space    used 10616K, committed 10944K, reserved 1048576K
}
Event: 1229.507 GC heap before
{Heap before GC invocations=79 (full 0):
 garbage-first heap   total 78848K, used 67364K [0x0000000082600000, 0x0000000100000000)
  region size 1024K, 30 young (30720K), 1 survivors (1024K)
 Metaspace       used 79676K, committed 80320K, reserved 1179648K
  class space    used 10616K, committed 10944K, reserved 1048576K
}
Event: 1229.509 GC heap after
{Heap after GC invocations=80 (full 0):
 garbage-first heap   total 78848K, used 37560K [0x0000000082600000, 0x0000000100000000)
  region size 1024K, 1 young (1024K), 1 survivors (1024K)
 Metaspace       used 79676K, committed 80320K, reserved 1179648K
  class space    used 10616K, committed 10944K, reserved 1048576K
}
Event: 1261.299 GC heap before
{Heap before GC invocations=80 (full 0):
 garbage-first heap   total 78848K, used 66232K [0x0000000082600000, 0x0000000100000000)
  region size 1024K, 30 young (30720K), 1 survivors (1024K)
 Metaspace       used 79936K, committed 80640K, reserved 1179648K
  class space    used 10616K, committed 10944K, reserved 1048576K
}
Event: 1261.302 GC heap after
{Heap after GC invocations=81 (full 0):
 garbage-first heap   total 78848K, used 38013K [0x0000000082600000, 0x0000000100000000)
  region size 1024K, 2 young (2048K), 2 survivors (2048K)
 Metaspace       used 79936K, committed 80640K, reserved 1179648K
  class space    used 10616K, committed 10944K, reserved 1048576K
}
Event: 1290.391 GC heap before
{Heap before GC invocations=82 (full 0):
 garbage-first heap   total 78848K, used 66685K [0x0000000082600000, 0x0000000100000000)
  region size 1024K, 30 young (30720K), 2 survivors (2048K)
 Metaspace       used 79984K, committed 80640K, reserved 1179648K
  class space    used 10616K, committed 10944K, reserved 1048576K
}
Event: 1290.394 GC heap after
{Heap after GC invocations=83 (full 0):
 garbage-first heap   total 78848K, used 37712K [0x0000000082600000, 0x0000000100000000)
  region size 1024K, 1 young (1024K), 1 survivors (1024K)
 Metaspace       used 79984K, committed 80640K, reserved 1179648K
  class space    used 10616K, committed 10944K, reserved 1048576K
}
Event: 1328.747 GC heap before
{Heap before GC invocations=83 (full 0):
 garbage-first heap   total 78848K, used 67408K [0x0000000082600000, 0x0000000100000000)
  region size 1024K, 30 young (30720K), 1 survivors (1024K)
 Metaspace       used 79995K, committed 80640K, reserved 1179648K
  class space    used 10616K, committed 10944K, reserved 1048576K
}
Event: 1328.749 GC heap after
{Heap after GC invocations=84 (full 0):
 garbage-first heap   total 78848K, used 37579K [0x0000000082600000, 0x0000000100000000)
  region size 1024K, 1 young (1024K), 1 survivors (1024K)
 Metaspace       used 79995K, committed 80640K, reserved 1179648K
  class space    used 10616K, committed 10944K, reserved 1048576K
}
Event: 1366.048 GC heap before
{Heap before GC invocations=85 (full 0):
 garbage-first heap   total 78848K, used 67275K [0x0000000082600000, 0x0000000100000000)
  region size 1024K, 30 young (30720K), 1 survivors (1024K)
 Metaspace       used 80053K, committed 80704K, reserved 1179648K
  class space    used 10617K, committed 10944K, reserved 1048576K
}
Event: 1366.051 GC heap after
{Heap after GC invocations=86 (full 0):
 garbage-first heap   total 78848K, used 37500K [0x0000000082600000, 0x0000000100000000)
  region size 1024K, 1 young (1024K), 1 survivors (1024K)
 Metaspace       used 80053K, committed 80704K, reserved 1179648K
  class space    used 10617K, committed 10944K, reserved 1048576K
}

